Determining if the pthread_create exist failed with the following output:
Change Dir: /home/zhuangwei/Desktop/Serialization/build/CMakeFiles/CMakeTmp

Run Build Command:"/usr/bin/make" "cmTC_4545d/fast"
/usr/bin/make -f CMakeFiles/cmTC_4545d.dir/build.make CMakeFiles/cmTC_4545d.dir/build
make[1]: Entering directory '/home/zhuangwei/Desktop/Serialization/build/CMakeFiles/CMakeTmp'
Building CXX object CMakeFiles/cmTC_4545d.dir/CheckSymbolExists.cxx.o
/usr/bin/c++     -o CMakeFiles/cmTC_4545d.dir/CheckSymbolExists.cxx.o -c /home/zhuangwei/Desktop/Serialization/build/CMakeFiles/CMakeTmp/CheckSymbolExists.cxx
Linking CXX executable cmTC_4545d
/usr/bin/cmake -E cmake_link_script CMakeFiles/cmTC_4545d.dir/link.txt --verbose=1
/usr/bin/c++       CMakeFiles/cmTC_4545d.dir/CheckSymbolExists.cxx.o  -o cmTC_4545d 
CMakeFiles/cmTC_4545d.dir/CheckSymbolExists.cxx.o: In function `main':
CheckSymbolExists.cxx:(.text+0x1b): undefined reference to `pthread_create'
collect2: error: ld returned 1 exit status
CMakeFiles/cmTC_4545d.dir/build.make:97: recipe for target 'cmTC_4545d' failed
make[1]: *** [cmTC_4545d] Error 1
make[1]: Leaving directory '/home/zhuangwei/Desktop/Serialization/build/CMakeFiles/CMakeTmp'
Makefile:126: recipe for target 'cmTC_4545d/fast' failed
make: *** [cmTC_4545d/fast] Error 2

File /home/zhuangwei/Desktop/Serialization/build/CMakeFiles/CMakeTmp/CheckSymbolExists.cxx:
/* */
#include <pthread.h>

int main(int argc, char** argv)
{
  (void)argv;
#ifndef pthread_create
  return ((int*)(&pthread_create))[argc];
#else
  (void)argc;
  return 0;
#endif
}

Determining if the function pthread_create exists in the pthreads failed with the following output:
Change Dir: /home/zhuangwei/Desktop/Serialization/build/CMakeFiles/CMakeTmp

Run Build Command:"/usr/bin/make" "cmTC_2ce3d/fast"
/usr/bin/make -f CMakeFiles/cmTC_2ce3d.dir/build.make CMakeFiles/cmTC_2ce3d.dir/build
make[1]: Entering directory '/home/zhuangwei/Desktop/Serialization/build/CMakeFiles/CMakeTmp'
Building CXX object CMakeFiles/cmTC_2ce3d.dir/CheckFunctionExists.cxx.o
/usr/bin/c++    -DCHECK_FUNCTION_EXISTS=pthread_create   -o CMakeFiles/cmTC_2ce3d.dir/CheckFunctionExists.cxx.o -c /home/zhuangwei/Desktop/Serialization/build/CMakeFiles/CheckLibraryExists/CheckFunctionExists.cxx
Linking CXX executable cmTC_2ce3d
/usr/bin/cmake -E cmake_link_script CMakeFiles/cmTC_2ce3d.dir/link.txt --verbose=1
/usr/bin/c++   -DCHECK_FUNCTION_EXISTS=pthread_create    CMakeFiles/cmTC_2ce3d.dir/CheckFunctionExists.cxx.o  -o cmTC_2ce3d -lpthreads 
/usr/bin/ld: cannot find -lpthreads
collect2: error: ld returned 1 exit status
CMakeFiles/cmTC_2ce3d.dir/build.make:97: recipe for target 'cmTC_2ce3d' failed
make[1]: *** [cmTC_2ce3d] Error 1
make[1]: Leaving directory '/home/zhuangwei/Desktop/Serialization/build/CMakeFiles/CMakeTmp'
Makefile:126: recipe for target 'cmTC_2ce3d/fast' failed
make: *** [cmTC_2ce3d/fast] Error 2


